<?xml version="1.0" encoding="UTF-8"?>
<testsuite xmlns:xsi="http://www.w3.org/2001/XMLSchema-instance" xsi:noNamespaceSchemaLocation="https://maven.apache.org/surefire/maven-surefire-plugin/xsd/surefire-test-report-3.0.xsd" version="3.0" name="com.pricer.service.PricingCalculationServiceTest" time="0.152" tests="7" errors="0" skipped="0" failures="0">
  <properties>
[...]
</properties>
  <testcase name="testBestPriceCalculation" classname="com.pricer.service.PricingCalculationServiceTest" time="0.107">
    <system-out><![CDATA[20:20:54.048 [main] DEBUG com.pricer.service.PricingCalculationService - Best Price calculated - Bid: 82.50, Ask: 82.50
]]></system-out>
  </testcase>
  <testcase name="testDeepAvgCalculation" classname="com.pricer.service.PricingCalculationServiceTest" time="0.005">
    <system-out><![CDATA[20:20:54.067 [main] DEBUG com.pricer.service.PricingCalculationService - Deep Avg calculated - Bid: 82.450000, Ask: 82.550000
]]></system-out>
  </testcase>
  <testcase name="testDeepVWAPCalculation" classname="com.pricer.service.PricingCalculationServiceTest" time="0.003">
    <system-out><![CDATA[20:20:54.071 [main] DEBUG com.pricer.service.PricingCalculationService - Deep VWAP calculated - Bid: 82.458333, Ask: 82.541667
]]></system-out>
  </testcase>
  <testcase name="testNullTickDataList" classname="com.pricer.service.PricingCalculationServiceTest" time="0.002">
    <system-out><![CDATA[20:20:54.074 [main] WARN com.pricer.service.PricingCalculationService - No tick data available for calculation
]]></system-out>
  </testcase>
  <testcase name="testEmptyTickDataList" classname="com.pricer.service.PricingCalculationServiceTest" time="0.001">
    <system-out><![CDATA[20:20:54.078 [main] WARN com.pricer.service.PricingCalculationService - No tick data available for calculation
]]></system-out>
  </testcase>
  <testcase name="testVWAPCalculation" classname="com.pricer.service.PricingCalculationServiceTest" time="0.006">
    <system-out><![CDATA[20:20:54.085 [main] DEBUG com.pricer.service.PricingCalculationService - VWAP calculated - Bid: 82.458333, Ask: 82.541667, Total Volume: 60000
]]></system-out>
  </testcase>
  <testcase name="testWorstPriceCalculation" classname="com.pricer.service.PricingCalculationServiceTest" time="0.003">
    <system-out><![CDATA[20:20:54.089 [main] DEBUG com.pricer.service.PricingCalculationService - Worst Price calculated - Bid: 82.40, Ask: 82.60
]]></system-out>
  </testcase>
</testsuite>